2024-06-05 00:08:57 - ADMIN LOGIN SUCCESS
2024-06-05 00:09:34 - ADMIN PROFILE UPDATED : Admin User : 1111
2024-06-05 00:09:43 - ADMIN PASSWORD CHANGED : Admin User : 1111
2024-06-05 00:09:51 - ADMIN LOGOUT SUCCESS : Admin User : 1111
2024-06-05 00:10:59 - ADMIN REGISTRATION SUCCESS : Gaurav Dahal : 1923
2024-06-05 00:11:27 - ADMIN LOGIN SUCCESS
2024-06-05 00:12:09 - DUPLICATE RECRUIT WITH EMAIL recruit@gmail.com FOUND ON REGISTRATION : Gaurav Dahal : 1923
2024-06-05 00:42:47 - ADMIN LOGOUT SUCCESS : Gaurav Dahal : 1923
2024-06-05 00:46:41 - LOGIN SUCCESS
2024-06-05 00:46:58 - LOGOUT SUCCESS : Gaurav Dahal : 1923
2024-06-05 01:06:57 - LOGIN SUCCESS
2024-06-05 01:07:04 - LOGOUT SUCCESS : Admin User : 1111
2024-06-05 01:36:33 - LOGIN FAILED
2024-06-05 01:36:36 - LOGIN SUCCESS
2024-06-05 01:36:44 - LOGOUT SUCCESS : Admin User : 1111
2024-06-05 01:58:34 - ram
<<<<<<< HEAD
2024-06-05 13:37:19 - LOGOUT SUCCESS : Tamir12
2024-06-05 17:17:06 - LOGOUT SUCCESS : Tamira
2024-06-05 17:17:16 - LOGIN FAILED
2024-06-05 17:17:53 - LOGIN SUCCESS
=======
2024-06-05 13:00:10 - ram
2024-06-05 13:55:33 - LOGIN SUCCESS
2024-06-05 13:55:50 - LOGIN SUCCESS
2024-06-05 14:04:47 - LOGIN SUCCESS
2024-06-05 14:07:24 - RECRUIT WITH EMAIL alice@gmail.com REGISTERED SUCCESSFULLY: Admin User : 1111
2024-06-05 14:07:24 - RECRUIT WITH EMAIL sarah@gmail.com REGISTERED SUCCESSFULLY: Admin User : 1111
2024-06-05 14:07:24 - RECRUIT WITH EMAIL john@gmail.com REGISTERED SUCCESSFULLY: Admin User : 1111
2024-06-05 14:07:50 - LOGOUT SUCCESS : Admin User : 1111
2024-06-05 14:11:09 - LOGIN FAILED
2024-06-05 14:11:12 - LOGIN SUCCESS
2024-06-05 14:13:38 - LOGIN SUCCESS
2024-06-05 14:13:44 - LOGOUT SUCCESS : Admin User : 1111
2024-06-05 14:19:24 - LOGIN SUCCESS
2024-06-05 14:20:01 - RECRUIT WITH EMAIL emily@gmail.com REGISTERED SUCCESSFULLY: Admin User : 1111
2024-06-05 14:21:14 - RECRUIT WITH EMAIL kasda REGISTERED SUCCESSFULLY: Admin User : 1111
2024-06-05 14:23:00 - LOGIN FAILED
2024-06-05 14:23:03 - LOGIN SUCCESS
2024-06-05 14:23:38 - RECRUIT WITH EMAIL emily1@gmail.com REGISTERED SUCCESSFULLY: Admin User : 1111
2024-06-05 14:26:18 - LOGIN SUCCESS
2024-06-05 14:26:29 - LOGOUT SUCCESS : Admin User : 1111
2024-06-05 14:32:10 - LOGIN FAILED
2024-06-05 14:32:13 - LOGIN SUCCESS
2024-06-05 14:32:57 - RECRUIT WITH EMAIL david@gmail.com REGISTERED SUCCESSFULLY: Admin User : 1111
2024-06-05 14:33:06 - LOGOUT SUCCESS : Admin User : 1111
2024-06-05 15:30:45 - LOGIN SUCCESS
>>>>>>> 7ff17a9 (major changes with graphical view)
2024-06-05 17:29:42 - LOGOUT SUCCESS : Emily Garcia
